<?xml version="1.0" encoding="UTF-8"?>
<!-- Generated by org.testng.reporters.JUnitXMLReporter -->
<testsuite hostname="DEVENDRAGUPTA" ignored="0" name="Test" tests="8" failures="1" timestamp="20 Jun 2019 18:13:20 GMT" time="504.623" errors="0">
  <testcase name="f" time="88.565" classname="com.goibibo.Web.Goibibo_Desktop1.Dom_Hotel"/>
  <testcase name="f" time="73.586" classname="com.goibibo.Web.Goibibo_Desktop1.Train_Vertical"/>
  <testcase name="f" time="33.837" classname="com.goibibo.Web.Goibibo_Desktop1.Car_Vertical"/>
  <testcase name="f" time="60.221" classname="com.goibibo.Web.Goibibo_Desktop1.International_Hotel"/>
  <testcase name="f" time="58.141" classname="com.goibibo.Web.Goibibo_Desktop1.Bus_Vertical">
    <failure type="org.openqa.selenium.NoSuchElementException" message="no such element: Unable to locate element: {&amp;quot;method&amp;quot;:&amp;quot;xpath&amp;quot;,&amp;quot;selector&amp;quot;:&amp;quot;//*[@id=&amp;quot;go_fareRulespopUp&amp;quot;]/div/a&amp;quot;}
  (Session info: chrome=75.0.3770.80)
For documentation on this error, please visit: http://seleniumhq.org/exceptions/no_such_element.html
Build info: version: &amp;apos;3.8.1&amp;apos;, revision: &amp;apos;6e95a6684b&amp;apos;, time: &amp;apos;2017-12-01T18:33:54.468Z&amp;apos;
System info: host: &amp;apos;DEVENDRAGUPTA&amp;apos;, ip: &amp;apos;172.100.151.163&amp;apos;, os.name: &amp;apos;Windows 10&amp;apos;, os.arch: &amp;apos;amd64&amp;apos;, os.version: &amp;apos;10.0&amp;apos;, java.version: &amp;apos;1.8.0_211&amp;apos;
Driver info: org.openqa.selenium.chrome.ChromeDriver
Capabilities {acceptInsecureCerts: false, browserName: chrome, browserVersion: 75.0.3770.80, chrome: {chromedriverVersion: 75.0.3770.8 (681f24ea911fe7..., userDataDir: C:\Users\DEVEND~1.GUP\AppDa...}, goog:chromeOptions: {debuggerAddress: localhost:54671}, javascriptEnabled: true, networkConnectionEnabled: false, pageLoadStrategy: normal, platform: XP, platformName: XP, proxy: Proxy(), setWindowRect: true, strictFileInteractability: false, timeouts: {implicit: 0, pageLoad: 300000, script: 30000}, unhandledPromptBehavior: dismiss and notify}
Session ID: 5c7ff98c0e07380c215648d508676c4c
*** Element info: {Using=xpath, value=//*[@id=&amp;quot;go_fareRulespopUp&amp;quot;]/div/a}">
      <![CDATA[org.openqa.selenium.NoSuchElementException: no such element: Unable to locate element: {"method":"xpath","selector":"//*[@id="go_fareRulespopUp"]/div/a"}
  (Session info: chrome=75.0.3770.80)
For documentation on this error, please visit: http://seleniumhq.org/exceptions/no_such_element.html
Build info: version: '3.8.1', revision: '6e95a6684b', time: '2017-12-01T18:33:54.468Z'
System info: host: 'DEVENDRAGUPTA', ip: '172.100.151.163', os.name: 'Windows 10', os.arch: 'amd64', os.version: '10.0', java.version: '1.8.0_211'
Driver info: org.openqa.selenium.chrome.ChromeDriver
Capabilities {acceptInsecureCerts: false, browserName: chrome, browserVersion: 75.0.3770.80, chrome: {chromedriverVersion: 75.0.3770.8 (681f24ea911fe7..., userDataDir: C:\Users\DEVEND~1.GUP\AppDa...}, goog:chromeOptions: {debuggerAddress: localhost:54671}, javascriptEnabled: true, networkConnectionEnabled: false, pageLoadStrategy: normal, platform: XP, platformName: XP, proxy: Proxy(), setWindowRect: true, strictFileInteractability: false, timeouts: {implicit: 0, pageLoad: 300000, script: 30000}, unhandledPromptBehavior: dismiss and notify}
Session ID: 5c7ff98c0e07380c215648d508676c4c
*** Element info: {Using=xpath, value=//*[@id="go_fareRulespopUp"]/div/a}
at org.openqa.selenium.remote.http.W3CHttpResponseCodec.createException(W3CHttpResponseCodec.java:187)
at org.openqa.selenium.remote.http.W3CHttpResponseCodec.decode(W3CHttpResponseCodec.java:122)
at org.openqa.selenium.remote.http.W3CHttpResponseCodec.decode(W3CHttpResponseCodec.java:49)
at org.openqa.selenium.remote.HttpCommandExecutor.execute(HttpCommandExecutor.java:164)
at org.openqa.selenium.remote.service.DriverCommandExecutor.execute(DriverCommandExecutor.java:83)
at org.openqa.selenium.remote.RemoteWebDriver.execute(RemoteWebDriver.java:601)
at org.openqa.selenium.remote.RemoteWebDriver.findElement(RemoteWebDriver.java:371)
at org.openqa.selenium.remote.RemoteWebDriver.findElementByXPath(RemoteWebDriver.java:473)
at org.openqa.selenium.By$ByXPath.findElement(By.java:361)
at org.openqa.selenium.remote.RemoteWebDriver.findElement(RemoteWebDriver.java:363)
at com.goibibo.Web.Goibibo_Desktop1.Bus_Vertical.f(Bus_Vertical.java:107)
... Removed 33 stack frames]]>
    </failure>
  </testcase> <!-- f -->
  <testcase name="f" time="76.592" classname="com.goibibo.Web.Goibibo_Desktop1.Dom_Flight"/>
  <testcase name="f" time="31.886" classname="com.goibibo.Web.Goibibo_Desktop1.Sign_IN"/>
  <testcase name="f" time="81.759" classname="com.goibibo.Web.Goibibo_Desktop1.International_Flight_OW"/>
</testsuite> <!-- Test -->
